[00:00:53] [Server thread/INFO]: ping.net issued server command: /homes
[00:07:16] [Server thread/INFO]: ping.net issued server command: /homes
[00:15:48] [Server thread/INFO]: ping.net issued server command: /homes
[00:16:57] [Server thread/INFO]: ping.net issued server command: /homes
[00:38:06] [Server thread/INFO]: ping.net issued server command: /homes
[00:47:44] [Server thread/INFO]: ping.net has made the advancement [Crafting a New Look]
[00:49:38] [Server thread/INFO]: ping.net issued server command: /homes
[00:51:25] [Server thread/INFO]: ping.net issued server command: /homes
[00:51:38] [Server thread/INFO]: ping.net lost connection: Disconnected
[00:51:38] [Server thread/INFO]: ping.net left the game
[05:15:07] [User Authenticator #2/INFO]: UUID of player spoofi4h is d082f8ad-9bc4-393f-86b2-4fda18c3be59
[05:15:07] [Server thread/INFO]: spoofi4h joined the game
[05:15:07] [Server thread/INFO]: spoofi4h[/95.24.163.170:39462] logged in with entity id 19965 at ([world]183.8590773537197, 71.0, -272.7840718278398)
[05:15:07] [Craft Scheduler Thread - 97/WARN]: [PowerBoard] The player spoofi4h has no Rank! Make sure that he has the correct permissions.
[05:32:45] [Server thread/INFO]: spoofi4h issued server command: /home 4
[05:35:27] [Server thread/INFO]: spoofi4h issued server command: /home 1
[05:39:31] [Server thread/INFO]: spoofi4h has made the advancement [The Parrots and the Bats]
[05:47:05] [User Authenticator #3/INFO]: UUID of player brago is a9f7a77d-d7c6-31a3-ae22-3ea0e8e038f1
[05:47:06] [Server thread/INFO]: brago joined the game
[05:47:06] [Server thread/INFO]: brago[/146.158.2.107:61922] logged in with entity id 25644 at ([world_the_end]61.98617325399682, 51.0, 233.18511280455246)
[05:47:06] [Craft Scheduler Thread - 120/WARN]: [PowerBoard] The player brago has no Rank! Make sure that he has the correct permissions.
[05:47:17] [Server thread/INFO]: brago issued server command: /homes
[05:47:21] [Server thread/INFO]: brago issued server command: /homes
[05:47:56] [Server thread/INFO]: brago issued server command: /tpa spoofi4h
[05:48:06] [Server thread/INFO]: spoofi4h issued server command: /tpaccept
[05:59:29] [Server thread/INFO]: spoofi4h has made the advancement [Into Fire]
[06:04:35] [Server thread/INFO]: brago issued server command: /homes
[06:05:57] [Server thread/INFO]: brago issued server command: /homes
[06:06:30] [User Authenticator #4/INFO]: UUID of player IchSchlange is 9c632cf5-20d2-311e-ab19-9093fe5c3263
[06:06:30] [Server thread/INFO]: IchSchlange joined the game
[06:06:30] [Server thread/INFO]: IchSchlange[/94.231.135.10:31334] logged in with entity id 30240 at ([world_nether]-368.38815849964465, 58.0, -78.86559093955177)
[06:06:31] [Craft Scheduler Thread - 125/WARN]: [PowerBoard] The player IchSchlange has no Rank! Make sure that he has the correct permissions.
[06:06:44] [Server thread/INFO]: IchSchlange issued server command: //home 1
[06:06:48] [Server thread/INFO]: IchSchlange issued server command: /home 1
[06:07:26] [Server thread/INFO]: brago issued server command: /homes
[06:08:53] [Server thread/INFO]: IchSchlange issued server command: /home endfarm
[06:09:44] [Server thread/INFO]: brago issued server command: /homes
[06:09:58] [Server thread/INFO]: brago issued server command: /homes
[06:10:15] [Server thread/INFO]: IchSchlange issued server command: /home 1
[06:11:26] [Server thread/INFO]: brago issued server command: /homes
[06:18:03] [Server thread/INFO]: IchSchlange issued server command: /home endfarm
[06:18:38] [Server thread/INFO]: IchSchlange issued server command: /home 1
[06:25:55] [User Authenticator #5/INFO]: UUID of player Dentik is 5e0bbc53-bc44-36b6-acd8-9422896f4bae
[06:25:56] [Server thread/INFO]: Dentik joined the game
[06:25:56] [Server thread/INFO]: Dentik[/95.220.85.226:51338] logged in with entity id 35458 at ([world]223.10217252793927, 71.0, -292.87464102766495)
[06:25:56] [Craft Scheduler Thread - 135/WARN]: [PowerBoard] The player Dentik has no Rank! Make sure that he has the correct permissions.
[06:28:02] [Server thread/INFO]: spoofi4h has made the advancement [Local Brewery]
[06:31:54] [Server thread/INFO]: Dentik has made the advancement [Sweet Dreams]
[06:35:46] [Server thread/INFO]: brago issued server command: /homes
[06:36:29] [Server thread/INFO]: Dentik has made the advancement [Getting an Upgrade]
[06:36:39] [Server thread/INFO]: Dentik has made the advancement [Cover Me with Diamonds]
[06:37:48] [Server thread/INFO]: Dentik has made the advancement [Suit Up]
[06:42:22] [Server thread/INFO]: IchSchlange issued server command: /tpa spoofi4h
[06:42:34] [Server thread/INFO]: spoofi4h issued server command: /tpaccept
[06:43:21] [Server thread/INFO]: IchSchlange issued server command: /tpa spoofi4h
[06:43:23] [Server thread/INFO]: IchSchlange issued server command: /tpa spoofi4h\
[06:43:24] [Server thread/INFO]: IchSchlange issued server command: /tpa spoofi4h
[06:43:27] [Server thread/INFO]: spoofi4h issued server command: /tpaccept
[06:45:31] [Server thread/INFO]: IchSchlange lost connection: Timed out
[06:45:31] [Server thread/INFO]: IchSchlange left the game
[06:46:45] [Server thread/INFO]: Dentik lost connection: Disconnected
[06:46:45] [Server thread/INFO]: Dentik left the game
[06:46:57] [User Authenticator #6/INFO]: UUID of player IchSchlange is 9c632cf5-20d2-311e-ab19-9093fe5c3263
[06:46:57] [Server thread/INFO]: IchSchlange joined the game
[06:46:57] [Server thread/INFO]: IchSchlange[/94.231.135.10:31419] logged in with entity id 42280 at ([world]100.97828637933273, 42.90930289762253, 1240.6996207117645)
[06:46:58] [Craft Scheduler Thread - 141/WARN]: [PowerBoard] The player IchSchlange has no Rank! Make sure that he has the correct permissions.
[06:47:02] [Server thread/INFO]: IchSchlange was killed by Guardian using magic
[06:47:05] [Server thread/INFO]: brago issued server command: /tpa spoofi4h
[06:47:12] [Server thread/INFO]: spoofi4h issued server command: /tpaccept
[06:47:14] [Server thread/INFO]: IchSchlange issued server command: /tpa spoofi4h
[06:47:47] [Server thread/INFO]: brago issued server command: /homes
[06:47:52] [Server thread/INFO]: spoofi4h issued server command: /tpaccept
[06:49:45] [Server thread/INFO]: spoofi4h issued server command: /sethome 5
[06:55:35] [Server thread/INFO]: spoofi4h lost connection: Disconnected
[06:55:35] [Server thread/INFO]: spoofi4h left the game
[06:56:42] [User Authenticator #7/INFO]: UUID of player spoofi4h is d082f8ad-9bc4-393f-86b2-4fda18c3be59
[06:56:43] [Server thread/INFO]: spoofi4h joined the game
[06:56:43] [Server thread/INFO]: spoofi4h[/95.24.163.170:39783] logged in with entity id 44968 at ([world]86.09740058301826, 40.0, 1216.487500011921)
[06:56:43] [Craft Scheduler Thread - 147/WARN]: [PowerBoard] The player spoofi4h has no Rank! Make sure that he has the correct permissions.
[07:04:00] [Server thread/WARN]: Horse (vehicle of brago) moved wrongly! 0.3424208024454174
[07:04:00] [Server thread/WARN]: Horse (vehicle of brago) moved wrongly! 0.7246374912260762
[07:04:01] [Server thread/WARN]: Horse (vehicle of brago) moved wrongly! 0.390643424755865
[07:04:02] [Server thread/WARN]: Horse (vehicle of brago) moved wrongly! 0.7885609920065235
[07:05:27] [Server thread/WARN]: Horse (vehicle of brago) moved wrongly! 0.35606676856559716
[07:05:27] [Server thread/WARN]: Horse (vehicle of brago) moved wrongly! 0.744354961632439
[07:08:01] [Server thread/INFO]: spoofi4h issued server command: /home 5
[07:09:54] [Server thread/INFO]: spoofi4h issued server command: /tpa IchSchlange
[07:09:57] [Server thread/INFO]: IchSchlange issued server command: /tpaccept
[07:13:52] [Server thread/INFO]: spoofi4h issued server command: /home 1
[07:14:18] [Server thread/INFO]: spoofi4h issued server command: /tpa IchSchlange
[07:14:21] [Server thread/INFO]: IchSchlange issued server command: /tpaccept
[07:17:41] [Server thread/INFO]: spoofi4h issued server command: /home 1
[07:18:11] [Server thread/INFO]: spoofi4h issued server command: /tpa IchSchlange
[07:18:13] [Server thread/INFO]: IchSchlange issued server command: /tpaccept
[07:20:02] [Server thread/INFO]: spoofi4h issued server command: /tpa IchSchlange
[07:20:06] [Server thread/INFO]: IchSchlange issued server command: /tpaccept
[07:27:30] [Server thread/INFO]: IchSchlange issued server command: /home 1
[07:27:43] [Server thread/INFO]: spoofi4h issued server command: /tpa IchSchlange
[07:27:47] [Server thread/INFO]: IchSchlange issued server command: /tpaccept
[07:28:45] [Server thread/INFO]: spoofi4h lost connection: Disconnected
[07:28:45] [Server thread/INFO]: spoofi4h left the game
[07:29:21] [User Authenticator #8/INFO]: UUID of player spoofi4h is d082f8ad-9bc4-393f-86b2-4fda18c3be59
[07:29:21] [Server thread/INFO]: spoofi4h joined the game
[07:29:21] [Server thread/INFO]: spoofi4h[/95.24.163.170:40019] logged in with entity id 53985 at ([world]202.92781472385514, 63.9375, -271.07346948402744)
[07:29:21] [Craft Scheduler Thread - 153/WARN]: [PowerBoard] The player spoofi4h has no Rank! Make sure that he has the correct permissions.
[07:29:29] [Server thread/INFO]: IchSchlange issued server command: /home endfarm
[07:31:19] [Server thread/INFO]: spoofi4h issued server command: /tpa IchSchlange
[07:31:23] [Server thread/INFO]: IchSchlange issued server command: /home 1
[07:31:29] [Server thread/INFO]: IchSchlange issued server command: /tpaccept
[07:31:32] [Server thread/INFO]: IchSchlange issued server command: /home endfarm
[07:31:40] [Server thread/INFO]: spoofi4h issued server command: /home 4
[07:31:50] [Server thread/INFO]: spoofi4h issued server command: /home 4
[07:34:01] [Server thread/INFO]: spoofi4h issued server command: /home 1
[07:35:13] [Server thread/INFO]: IchSchlange issued server command: /home 1
[07:37:25] [Server thread/INFO]: spoofi4h issued server command: /home 4
[07:37:44] [Server thread/INFO]: spoofi4h issued server command: /home 1
[07:50:21] [Server thread/INFO]: brago issued server command: /homes
[07:54:23] [Server thread/INFO]: spoofi4h issued server command: /home 4
[07:54:49] [Server thread/INFO]: brago has made the advancement [Ice Bucket Challenge]
[07:56:09] [Server thread/INFO]: spoofi4h issued server command: /home 1
[08:01:13] [Server thread/INFO]: brago issued server command: /homes
[08:01:30] [Server thread/INFO]: brago issued server command: /homes
[08:01:49] [Server thread/INFO]: brago issued server command: /delhome эндер
[08:01:54] [Server thread/INFO]: brago issued server command: /delhome эндер верх
[08:01:59] [Server thread/INFO]: brago issued server command: /homes
[08:05:12] [Server thread/INFO]: brago issued server command: /homes
[08:22:12] [Server thread/INFO]: IchSchlange issued server command: //home 1
[08:22:14] [Server thread/INFO]: IchSchlange issued server command: /home 1
[08:23:55] [Server thread/WARN]: brago moved too quickly! 7.398306105457834,-6.0,4.797133901127609
[08:30:44] [Server thread/INFO]: IchSchlange issued server command: /home 1
[08:32:41] [Server thread/INFO]: spoofi4h issued server command: /home 1
[08:36:54] [Server thread/INFO]: brago has made the advancement [Best Friends Forever]
[08:41:41] [Server thread/INFO]: spoofi4h issued server command: /home 1
[08:46:25] [Server thread/INFO]: spoofi4h has made the advancement [A Terrible Fortress]
[08:50:10] [Server thread/INFO]: spoofi4h issued server command: /home 1
[08:55:41] [Server thread/INFO]: spoofi4h issued server command: /tpa brago
[08:55:42] [Server thread/INFO]: brago issued server command: /tpaccept
[08:56:57] [Server thread/INFO]: spoofi4h issued server command: /home 1
[09:03:34] [Server thread/INFO]: brago issued server command: /homes
[09:04:53] [Server thread/INFO]: brago issued server command: /homes
[09:12:29] [Server thread/WARN]: Horse (vehicle of brago) moved wrongly! 0.3623532336363269
[09:12:29] [Server thread/WARN]: Horse (vehicle of brago) moved wrongly! 0.6072315985337582
[09:27:10] [Server thread/INFO]: brago issued server command: /homes
[09:28:08] [Server thread/INFO]: brago issued server command: /homes
[09:44:47] [User Authenticator #9/INFO]: UUID of player ping.net is b900dbf6-7665-35ad-b20c-78f1bd421df3
[09:44:47] [Server thread/INFO]: ping.net joined the game
[09:44:47] [Server thread/INFO]: ping.net[/2.133.158.130:54150] logged in with entity id 105808 at ([world]190.1276995084967, 64.0625, -269.5063208254991)
[09:44:47] [Craft Scheduler Thread - 190/WARN]: [PowerBoard] The player ping.net has no Rank! Make sure that he has the correct permissions.
[09:56:05] [Server thread/WARN]: ping.net moved wrongly!
[09:56:11] [Server thread/INFO]: spoofi4h issued server command: /home 1
[09:56:18] [Server thread/INFO]: IchSchlange issued server command: /homes
[09:59:00] [Server thread/INFO]: IchSchlange issued server command: /home 1
[10:02:37] [Server thread/INFO]: spoofi4h issued server command: /tpa IchSchlange
[10:02:40] [Server thread/INFO]: IchSchlange issued server command: /tpaccept
[10:04:42] [Server thread/INFO]: spoofi4h issued server command: /home 1
[10:08:03] [Server thread/INFO]: IchSchlange issued server command: /home 1\
[10:08:04] [Server thread/INFO]: IchSchlange issued server command: /home 1
[10:08:46] [Server thread/INFO]: ping.net lost connection: Disconnected
[10:08:46] [Server thread/INFO]: ping.net left the game
[10:15:20] [User Authenticator #10/INFO]: UUID of player ping.net is b900dbf6-7665-35ad-b20c-78f1bd421df3
[10:15:20] [Server thread/INFO]: ping.net joined the game
[10:15:20] [Server thread/INFO]: ping.net[/2.133.158.130:34314] logged in with entity id 117456 at ([world]187.98059305811057, 68.0, -271.0598104885754)
[10:15:20] [Craft Scheduler Thread - 209/WARN]: [PowerBoard] The player ping.net has no Rank! Make sure that he has the correct permissions.
[10:23:47] [Server thread/INFO]: spoofi4h issued server command: /tpa IchSchlange
[10:23:50] [Server thread/INFO]: IchSchlange issued server command: /tpaccept
[10:24:07] [Server thread/INFO]: brago issued server command: /homes
[10:24:23] [Server thread/INFO]: brago issued server command: /homes
[10:24:33] [Server thread/INFO]: spoofi4h issued server command: /home 1
[10:25:35] [Server thread/INFO]: IchSchlange issued server command: /home 1
[10:33:57] [Server thread/INFO]: ping.net issued server command: /sethome phome
[10:33:59] [Server thread/INFO]: ping.net issued server command: /homes
[10:35:25] [Server thread/INFO]: brago was slain by IchSchlange
[10:37:15] [Server thread/INFO]: ping.net issued server command: /homes
[10:39:30] [Server thread/INFO]: spoofi4h issued server command: /home 4
[10:40:10] [Server thread/INFO]: spoofi4h issued server command: /home 1
[10:43:41] [Server thread/INFO]: spoofi4h lost connection: Disconnected
[10:43:41] [Server thread/INFO]: spoofi4h left the game
[10:45:44] [Server thread/INFO]: ping.net issued server command: /homes
[10:48:30] [User Authenticator #11/INFO]: UUID of player spoofi4h is d082f8ad-9bc4-393f-86b2-4fda18c3be59
[10:48:30] [Server thread/INFO]: spoofi4h joined the game
[10:48:30] [Server thread/INFO]: spoofi4h[/95.24.163.170:39750] logged in with entity id 133141 at ([world]151.68443470359878, 59.100898261062525, -284.5869598450607)
[10:48:30] [Craft Scheduler Thread - 230/WARN]: [PowerBoard] The player spoofi4h has no Rank! Make sure that he has the correct permissions.
[10:50:13] [Server thread/INFO]: spoofi4h issued server command: /home 4
[10:50:21] [Async Chat Thread - #0/INFO]: [Not Secure] <ping.net> hi
[10:50:29] [Async Chat Thread - #0/INFO]: [Not Secure] <brago> hi
[10:50:37] [Server thread/INFO]: brago has reached the goal [Sky's the Limit]
[10:53:36] [Server thread/INFO]: brago issued server command: /homes
[10:53:36] [Server thread/INFO]: spoofi4h issued server command: /home 3
[10:53:39] [Server thread/INFO]: spoofi4h issued server command: /home 2
[10:54:29] [Server thread/INFO]: spoofi4h issued server command: /home 1
[10:54:50] [Server thread/INFO]: ping.net issued server command: /homes
[10:55:22] [Server thread/INFO]: spoofi4h issued server command: /home 4
[10:55:28] [Server thread/INFO]: spoofi4h issued server command: /home 4
[10:55:56] [Server thread/INFO]: ping.net issued server command: /homes
[10:56:15] [Server thread/INFO]: spoofi4h issued server command: /home 1
[10:56:33] [Server thread/INFO]: brago issued server command: /homes
[10:58:54] [Server thread/INFO]: ping.net issued server command: /homes
[10:59:36] [Server thread/INFO]: brago issued server command: /homes
[10:59:55] [Server thread/INFO]: brago issued server command: /homes
[11:02:24] [Server thread/INFO]: ping.net issued server command: /homes
[11:02:27] [Server thread/INFO]: brago issued server command: /homes
[11:02:52] [Server thread/INFO]: ping.net issued server command: /home
[11:02:55] [Server thread/INFO]: ping.net issued server command: /homes
[11:04:55] [Server thread/INFO]: IchSchlange issued server command: /home endfarm
[11:05:03] [Server thread/INFO]: IchSchlange issued server command: /home 1
[11:05:27] [Server thread/INFO]: IchSchlange issued server command: /home endfarm
[11:06:08] [Server thread/INFO]: IchSchlange issued server command: /home 1
[11:07:16] [Server thread/INFO]: IchSchlange issued server command: /home endfarm
[11:07:21] [Server thread/INFO]: ping.net issued server command: /sethome cop
[11:07:24] [Server thread/INFO]: ping.net issued server command: /homes
[11:07:30] [Server thread/INFO]: ping.net issued server command: /delhome cop
[11:07:32] [Server thread/INFO]: ping.net issued server command: /homes
[11:07:50] [Server thread/INFO]: IchSchlange issued server command: /home 1
[11:08:01] [Server thread/INFO]: IchSchlange issued server command: /home endfarm
[11:08:10] [Server thread/INFO]: IchSchlange issued server command: /home 1
[11:08:14] [Server thread/INFO]: spoofi4h lost connection: Disconnected
[11:08:14] [Server thread/INFO]: spoofi4h left the game
[11:11:19] [Server thread/INFO]: IchSchlange issued server command: /home endfarm
[11:11:29] [Server thread/INFO]: ping.net issued server command: /homes
[11:13:09] [Server thread/INFO]: ping.net issued server command: /homes
[11:13:22] [Server thread/INFO]: ping.net issued server command: /delhome phome
[11:13:31] [Server thread/INFO]: ping.net issued server command: /sethome phome
[11:13:35] [Server thread/INFO]: ping.net issued server command: /homes
[11:13:59] [Server thread/INFO]: ping.net issued server command: /homes
[11:16:35] [Server thread/INFO]: IchSchlange issued server command: /home 1
[11:20:13] [Server thread/INFO]: IchSchlange lost connection: Disconnected
[11:20:13] [Server thread/INFO]: IchSchlange left the game
[11:22:15] [User Authenticator #12/INFO]: UUID of player IchSchlange is 9c632cf5-20d2-311e-ab19-9093fe5c3263
[11:22:15] [Server thread/INFO]: IchSchlange joined the game
[11:22:15] [Server thread/INFO]: IchSchlange[/94.231.135.10:31769] logged in with entity id 155301 at ([world]154.69999998807907, 66.0, -278.16720941119866)
[11:22:15] [Craft Scheduler Thread - 248/WARN]: [PowerBoard] The player IchSchlange has no Rank! Make sure that he has the correct permissions.
[11:22:22] [Server thread/INFO]: brago issued server command: /homes
[11:22:45] [Server thread/INFO]: IchSchlange lost connection: Disconnected
[11:22:45] [Server thread/INFO]: IchSchlange left the game
[11:25:36] [Server thread/INFO]: brago issued server command: /homes
[11:25:43] [Server thread/INFO]: brago lost connection: Disconnected
[11:25:43] [Server thread/INFO]: brago left the game
[11:30:29] [Server thread/INFO]: ping.net issued server command: /homes
[11:31:57] [Server thread/INFO]: ping.net issued server command: /homes
[11:32:21] [Server thread/INFO]: ping.net issued server command: /homes
[11:33:17] [User Authenticator #13/INFO]: UUID of player spoofi4h is d082f8ad-9bc4-393f-86b2-4fda18c3be59
[11:33:18] [Server thread/INFO]: spoofi4h joined the game
[11:33:18] [Server thread/INFO]: spoofi4h[/95.24.163.170:40709] logged in with entity id 161373 at ([world]187.6095621671273, 64.0625, -269.6557386724095)
[11:33:18] [Craft Scheduler Thread - 252/WARN]: [PowerBoard] The player spoofi4h has no Rank! Make sure that he has the correct permissions.
[11:37:44] [Server thread/INFO]: spoofi4h issued server command: /home 1
[11:43:23] [Server thread/INFO]: spoofi4h issued server command: /home 4
[11:45:53] [Server thread/INFO]: spoofi4h issued server command: /home 1
[11:57:38] [Server thread/INFO]: ping.net lost connection: Timed out
[11:57:38] [Server thread/INFO]: ping.net left the game
[11:58:12] [User Authenticator #14/INFO]: UUID of player brago is a9f7a77d-d7c6-31a3-ae22-3ea0e8e038f1
[11:58:13] [Server thread/INFO]: brago joined the game
[11:58:13] [Server thread/INFO]: brago[/146.158.2.107:50442] logged in with entity id 167189 at ([world]195.26524164326497, 64.0625, -271.9770562592759)
[11:58:13] [Craft Scheduler Thread - 257/WARN]: [PowerBoard] The player brago has no Rank! Make sure that he has the correct permissions.
[12:04:50] [User Authenticator #15/INFO]: UUID of player Dever is 7d245be8-99da-3020-9204-39dc121e2ab4
[12:04:51] [Server thread/INFO]: Dever joined the game
[12:04:51] [Server thread/INFO]: Dever[/95.54.4.204:63526] logged in with entity id 168434 at ([world]75.41881118688605, 119.0625, -1252.9983185862493)
[12:04:52] [Craft Scheduler Thread - 260/WARN]: [PowerBoard] The player Dever has no Rank! Make sure that he has the correct permissions.
[12:05:38] [Server thread/INFO]: brago issued server command: /tpa Dever
[12:05:48] [Server thread/INFO]: Dever issued server command: /tpaccept
[12:06:43] [Server thread/INFO]: Dever has made the advancement [Cover Me with Diamonds]
[12:26:35] [Server thread/INFO]: brago issued server command: /tpa Dever
[12:29:33] [User Authenticator #16/INFO]: UUID of player ping.net is b900dbf6-7665-35ad-b20c-78f1bd421df3
[12:29:33] [Server thread/INFO]: ping.net joined the game
[12:29:33] [Server thread/INFO]: ping.net[/2.133.158.130:58924] logged in with entity id 179462 at ([world]190.66471200362963, 64.0, -267.4407731463853)
[12:29:33] [Craft Scheduler Thread - 264/WARN]: [PowerBoard] The player ping.net has no Rank! Make sure that he has the correct permissions.
[12:29:39] [Server thread/INFO]: brago issued server command: /homes
[12:29:42] [Server thread/INFO]: spoofi4h has made the advancement [Sneak 100]
[12:29:59] [Server thread/INFO]: ping.net lost connection: Disconnected
[12:29:59] [Server thread/INFO]: ping.net left the game
[12:30:34] [Server thread/INFO]: spoofi4h issued server command: /sethome 10
[12:31:26] [User Authenticator #17/INFO]: UUID of player ping.net is b900dbf6-7665-35ad-b20c-78f1bd421df3
[12:31:27] [Server thread/INFO]: ping.net joined the game
[12:31:27] [Server thread/INFO]: ping.net[/2.133.158.130:52052] logged in with entity id 180592 at ([world]193.2817994671106, 64.0625, -274.3999605701026)
[12:31:27] [Craft Scheduler Thread - 272/WARN]: [PowerBoard] The player ping.net has no Rank! Make sure that he has the correct permissions.
[12:31:59] [Server thread/INFO]: ping.net issued server command: /homes
[12:32:26] [Server thread/INFO]: brago issued server command: /homes
[12:32:28] [Server thread/INFO]: brago issued server command: /tpa Dever
[12:32:40] [Server thread/INFO]: Dever issued server command: /tpaccept
[12:33:04] [Server thread/INFO]: ping.net issued server command: /homes
[12:33:19] [Server thread/INFO]: ping.net issued server command: /homes
[12:33:42] [Server thread/INFO]: spoofi4h lost connection: Disconnected
[12:33:42] [Server thread/INFO]: spoofi4h left the game
[12:34:30] [Server thread/INFO]: ping.net experienced kinetic energy
[12:34:36] [Server thread/INFO]: ping.net issued server command: /homes
[12:35:38] [User Authenticator #18/INFO]: UUID of player spoofi4h is d082f8ad-9bc4-393f-86b2-4fda18c3be59
[12:35:38] [Server thread/INFO]: spoofi4h joined the game
[12:35:38] [Server thread/INFO]: spoofi4h[/95.24.163.170:39490] logged in with entity id 182501 at ([world]236.72468352215864, -1.0, -504.30000001192093)
[12:35:38] [Craft Scheduler Thread - 273/WARN]: [PowerBoard] The player spoofi4h has no Rank! Make sure that he has the correct permissions.
[12:35:40] [Server thread/INFO]: spoofi4h issued server command: /home 1
[12:36:33] [Server thread/INFO]: ping.net issued server command: /homes
[12:37:26] [Server thread/INFO]: brago issued server command: /tpa Dever
[12:37:31] [Server thread/WARN]: brago moved too quickly! -0.17142151135948325,-7.0,-7.827060372673486
[12:37:35] [Server thread/INFO]: Dever issued server command: /tpaccept
[12:42:01] [Server thread/INFO]: Dever has made the advancement [The Parrots and the Bats]
[12:43:31] [Server thread/INFO]: spoofi4h issued server command: /home 1
[12:51:12] [Server thread/WARN]: Dever moved too quickly! -7.027419143264055,-4.0,-6.399205499581058
[12:55:49] [Server thread/INFO]: brago issued server command: /tpa spoofi4h
[12:55:59] [Server thread/INFO]: spoofi4h issued server command: /tpaccept
[12:56:27] [Server thread/INFO]: spoofi4h lost connection: Disconnected
[12:56:27] [Server thread/INFO]: spoofi4h left the game
[12:56:28] [User Authenticator #19/INFO]: UUID of player spoofi4h is d082f8ad-9bc4-393f-86b2-4fda18c3be59
[12:56:28] [Server thread/INFO]: spoofi4h joined the game
[12:56:28] [Server thread/INFO]: spoofi4h[/95.24.163.170:39947] logged in with entity id 203811 at ([world]1234.7667843746497, 74.0, -528.7104976383438)
[12:56:28] [Craft Scheduler Thread - 276/WARN]: [PowerBoard] The player spoofi4h has no Rank! Make sure that he has the correct permissions.
[13:01:02] [Server thread/INFO]: brago fell from a high place
[13:01:08] [Server thread/INFO]: brago issued server command: /tpa spoofi4h
[13:01:10] [Server thread/INFO]: spoofi4h issued server command: /tpaccept
[13:01:59] [Server thread/INFO]: ping.net issued server command: /homes
[13:02:47] [Server thread/INFO]: brago was slain by Spider
[13:02:50] [Server thread/INFO]: brago issued server command: /tpa spoofi4h
[13:02:53] [Server thread/INFO]: spoofi4h issued server command: /tpaccept
[13:07:27] [Server thread/INFO]: spoofi4h issued server command: /home 1
[13:08:19] [Server thread/INFO]: spoofi4h issued server command: /tpa brago
[13:08:24] [Server thread/INFO]: brago issued server command: /tpaccept
[13:09:13] [Server thread/INFO]: brago issued server command: /tpa spoofi4h
[13:09:13] [Server thread/INFO]: spoofi4h issued server command: /tpaccept
[13:10:12] [Server thread/INFO]: brago issued server command: /homes
[13:11:01] [Server thread/INFO]: spoofi4h issued server command: /tpa brago
[13:11:08] [Server thread/INFO]: brago issued server command: /tpa spoofi4h
[13:11:11] [Server thread/INFO]: brago issued server command: /tpaccept
[13:13:09] [Server thread/INFO]: brago was slain by spoofi4h
[13:15:22] [Server thread/INFO]: Stopping the server
[13:15:22] [Server thread/INFO]: Stopping server
[13:15:22] [Server thread/INFO]: [PowerBoard] Disabling PowerBoard v3.6.1
[13:15:22] [Server thread/INFO]: [setHome] Disabling setHome v1.0-SNAPSHOT
[13:15:22] [Server thread/INFO]: [setHome] SetHomePlugin has been disabled!
[13:15:22] [Server thread/INFO]: [JustTPA] Disabling JustTPA vv20231102
[13:15:22] [Server thread/INFO]: [JustTPA] JustTPA disabled
[13:15:22] [Server thread/INFO]: Saving players
[13:15:23] [Server thread/INFO]: Dever lost connection: Server closed
[13:15:23] [Server thread/INFO]: Dever left the game.
[13:15:23] [Server thread/INFO]: ping.net lost connection: Server closed
[13:15:23] [Server thread/INFO]: ping.net left the game.
[13:15:23] [Server thread/INFO]: spoofi4h lost connection: Server closed
[13:15:23] [Server thread/INFO]: spoofi4h left the game.
[13:15:23] [Server thread/INFO]: brago lost connection: Server closed
[13:15:23] [Server thread/INFO]: brago left the game.
[13:15:23] [Server thread/INFO]: Saving worlds
[13:15:26] [Server thread/INFO]: Saving chunks for level 'ServerLevel[world]'/minecraft:overworld
[13:15:28] [Server thread/INFO]: Saving chunks for level 'ServerLevel[world_nether]'/minecraft:the_nether
[13:15:28] [Server thread/INFO]: Saving chunks for level 'ServerLevel[world_the_end]'/minecraft:the_end
[13:15:28] [Server thread/INFO]: ThreadedAnvilChunkStorage (world): All chunks are saved
[13:15:28] [Server thread/INFO]: ThreadedAnvilChunkStorage (DIM-1): All chunks are saved
[13:15:28] [Server thread/INFO]: ThreadedAnvilChunkStorage (DIM1): All chunks are saved
[13:15:28] [Server thread/INFO]: ThreadedAnvilChunkStorage: All dimensions are saved
